2026-05-26 03:08:06,154 - __main__ - INFO - 🚀 Bot ishga tushmoqda...
2026-05-26 03:08:06,211 - __main__ - INFO - ✅ Database tayyor
2026-05-26 03:08:09,456 - __main__ - INFO - ✅ Bot @testuzbot24_bot (ID: 8916310379) ishga tushdi!
2026-05-26 03:08:09,456 - __main__ - INFO - 👑 Adminlar: [1968989552]
2026-05-26 03:08:09,456 - aiogram.dispatcher - INFO - Start polling
2026-05-26 03:08:09,566 - aiogram.dispatcher - INFO - Run polling for bot @testuzbot24_bot id=8916310379 - 'testuzbot'
2026-05-26 03:08:19,485 - aiogram.event - INFO - Update id=675115211 is handled. Duration 422 ms by bot id=8916310379
2026-05-26 03:08:21,930 - aiogram.event - INFO - Update id=675115212 is handled. Duration 375 ms by bot id=8916310379
2026-05-26 03:08:35,022 - aiogram.event - INFO - Update id=675115213 is handled. Duration 140 ms by bot id=8916310379
2026-05-26 03:08:37,633 - aiogram.event - INFO - Update id=675115214 is handled. Duration 250 ms by bot id=8916310379
2026-05-26 03:08:39,675 - aiogram.event - INFO - Update id=675115215 is handled. Duration 234 ms by bot id=8916310379
2026-05-26 03:08:42,391 - aiogram.event - INFO - Update id=675115216 is handled. Duration 139 ms by bot id=8916310379
2026-05-26 03:08:44,083 - aiogram.event - INFO - Update id=675115217 is handled. Duration 170 ms by bot id=8916310379
2026-05-26 03:08:46,318 - aiogram.event - INFO - Update id=675115218 is handled. Duration 140 ms by bot id=8916310379
2026-05-26 03:08:51,234 - aiogram.event - INFO - Update id=675115219 is handled. Duration 125 ms by bot id=8916310379
2026-05-26 03:08:54,457 - aiogram.event - INFO - Update id=675115220 is handled. Duration 139 ms by bot id=8916310379
2026-05-26 03:08:57,759 - aiogram.event - INFO - Update id=675115221 is handled. Duration 125 ms by bot id=8916310379
2026-05-26 03:09:00,202 - aiogram.event - INFO - Update id=675115222 is handled. Duration 125 ms by bot id=8916310379
2026-05-26 03:09:01,897 - aiogram.event - INFO - Update id=675115223 is handled. Duration 171 ms by bot id=8916310379
2026-05-26 03:09:08,507 - aiogram.event - INFO - Update id=675115224 is handled. Duration 139 ms by bot id=8916310379
2026-05-26 03:09:39,388 - handlers.admin - ERROR - Kanal topilmadi: Telegram server says - Bad Request: chat not found
2026-05-26 03:09:39,822 - aiogram.event - INFO - Update id=675115225 is handled. Duration 796 ms by bot id=8916310379
2026-05-26 03:11:00,292 - aiogram.event - INFO - Update id=675115226 is handled. Duration 704 ms by bot id=8916310379
2026-05-26 03:11:06,230 - aiogram.event - INFO - Update id=675115227 is handled. Duration 250 ms by bot id=8916310379
2026-05-26 03:11:37,236 - aiogram.event - INFO - Update id=675115228 is handled. Duration 407 ms by bot id=8916310379
2026-05-26 03:11:39,479 - aiogram.event - INFO - Update id=675115229 is handled. Duration 453 ms by bot id=8916310379
2026-05-26 03:11:46,906 - aiogram.event - INFO - Update id=675115230 is handled. Duration 438 ms by bot id=8916310379
2026-05-26 03:11:52,443 - aiogram.event - INFO - Update id=675115231 is handled. Duration 125 ms by bot id=8916310379
2026-05-26 03:11:55,807 - aiogram.event - INFO - Update id=675115232 is handled. Duration 264 ms by bot id=8916310379
2026-05-26 03:11:57,182 - aiogram.event - INFO - Update id=675115233 is handled. Duration 202 ms by bot id=8916310379
2026-05-26 03:11:58,820 - aiogram.event - INFO - Update id=675115234 is handled. Duration 250 ms by bot id=8916310379
2026-05-26 03:11:59,572 - aiogram.event - INFO - Update id=675115235 is handled. Duration 155 ms by bot id=8916310379
2026-05-26 03:12:02,439 - aiogram.event - INFO - Update id=675115236 is handled. Duration 389 ms by bot id=8916310379
2026-05-26 03:12:05,679 - aiogram.event - INFO - Update id=675115237 is handled. Duration 125 ms by bot id=8916310379
2026-05-26 03:12:13,673 - aiogram.event - INFO - Update id=675115238 is handled. Duration 125 ms by bot id=8916310379
2026-05-26 03:12:16,694 - aiogram.event - INFO - Update id=675115239 is handled. Duration 125 ms by bot id=8916310379
2026-05-26 03:12:23,241 - aiogram.event - INFO - Update id=675115240 is handled. Duration 125 ms by bot id=8916310379
2026-05-26 03:12:25,437 - aiogram.event - INFO - Update id=675115241 is handled. Duration 139 ms by bot id=8916310379
2026-05-26 03:12:39,883 - aiogram.event - INFO - Update id=675115242 is handled. Duration 125 ms by bot id=8916310379
2026-05-26 03:12:46,400 - aiogram.event - INFO - Update id=675115243 is not handled. Duration 0 ms by bot id=8916310379
2026-05-26 03:12:50,281 - aiogram.event - INFO - Update id=675115244 is handled. Duration 125 ms by bot id=8916310379
2026-05-26 03:13:09,451 - aiogram.event - INFO - Update id=675115245 is handled. Duration 312 ms by bot id=8916310379
2026-05-26 03:13:31,990 - aiogram.event - INFO - Update id=675115246 is handled. Duration 360 ms by bot id=8916310379
2026-05-26 03:13:41,980 - aiogram.event - INFO - Update id=675115247 is handled. Duration 125 ms by bot id=8916310379
2026-05-26 03:13:48,113 - aiogram.event - INFO - Update id=675115248 is handled. Duration 140 ms by bot id=8916310379
2026-05-26 03:13:52,712 - aiogram.event - INFO - Update id=675115249 is handled. Duration 233 ms by bot id=8916310379
2026-05-26 03:14:05,749 - aiogram.event - INFO - Update id=675115250 is handled. Duration 125 ms by bot id=8916310379
2026-05-26 03:14:19,805 - aiogram.event - INFO - Update id=675115251 is handled. Duration 280 ms by bot id=8916310379
2026-05-26 03:14:26,166 - aiogram.event - INFO - Update id=675115252 is handled. Duration 235 ms by bot id=8916310379
2026-05-26 03:14:41,931 - aiogram.event - INFO - Update id=675115253 is handled. Duration 577 ms by bot id=8916310379
2026-05-26 03:15:02,245 - aiogram.event - INFO - Update id=675115254 is handled. Duration 344 ms by bot id=8916310379
2026-05-26 03:15:11,622 - aiogram.event - INFO - Update id=675115255 is handled. Duration 140 ms by bot id=8916310379
2026-05-26 03:15:27,069 - aiogram.event - INFO - Update id=675115256 is handled. Duration 360 ms by bot id=8916310379
2026-05-26 03:16:16,251 - aiogram.event - INFO - Update id=675115257 is handled. Duration 343 ms by bot id=8916310379
